Flow report for soc_system
Mon Aug 12 14:27:47 2019
Quartus Prime Version 18.1.0 Build 625 09/12/2018 SJ Lite Edition


---------------------
; Table of Contents ;
---------------------
  1. Legal Notice
  2. Flow Summary
  3. Flow Settings
  4. Flow Non-Default Global Settings
  5. Flow Elapsed Time
  6. Flow OS Summary
  7. Flow Log
  8. Flow Messages
  9. Flow Suppressed Messages



----------------
; Legal Notice ;
----------------
Copyright (C) 2018  Intel Corporation. All rights reserved.
Your use of Intel Corporation's design tools, logic functions 
and other software and tools, and its AMPP partner logic 
functions, and any output files from any of the foregoing 
(including device programming or simulation files), and any 
associated documentation or information are expressly subject 
to the terms and conditions of the Intel Program License 
Subscription Agreement, the Intel Quartus Prime License Agreement,
the Intel FPGA IP License Agreement, or other applicable license
agreement, including, without limitation, that your use is for
the sole purpose of programming logic devices manufactured by
Intel and sold by Intel or its authorized distributors.  Please
refer to the applicable agreement for further details.



+-------------------------------------------------------------------------------+
; Flow Summary                                                                  ;
+---------------------------------+---------------------------------------------+
; Flow Status                     ; Successful - Mon Aug 12 14:27:47 2019       ;
; Quartus Prime Version           ; 18.1.0 Build 625 09/12/2018 SJ Lite Edition ;
; Revision Name                   ; soc_system                                  ;
; Top-level Entity Name           ; soc_system_top                              ;
; Family                          ; Cyclone V                                   ;
; Device                          ; 5CSEMA5F31C6                                ;
; Timing Models                   ; Final                                       ;
; Logic utilization (in ALMs)     ; 5,152 / 32,070 ( 16 % )                     ;
; Total registers                 ; 3791                                        ;
; Total pins                      ; 362 / 457 ( 79 % )                          ;
; Total virtual pins              ; 0                                           ;
; Total block memory bits         ; 185,600 / 4,065,280 ( 5 % )                 ;
; Total DSP Blocks                ; 2 / 87 ( 2 % )                              ;
; Total HSSI RX PCSs              ; 0                                           ;
; Total HSSI PMA RX Deserializers ; 0                                           ;
; Total HSSI TX PCSs              ; 0                                           ;
; Total HSSI PMA TX Serializers   ; 0                                           ;
; Total PLLs                      ; 1 / 6 ( 17 % )                              ;
; Total DLLs                      ; 1 / 4 ( 25 % )                              ;
+---------------------------------+---------------------------------------------+


+-----------------------------------------+
; Flow Settings                           ;
+-------------------+---------------------+
; Option            ; Setting             ;
+-------------------+---------------------+
; Start date & time ; 08/12/2019 14:21:16 ;
; Main task         ; Compilation         ;
; Revision Name     ; soc_system          ;
+-------------------+---------------------+


+-------------------------------------------------------------------------------------------------------------------------------------------------------------------+
; Flow Non-Default Global Settings                                                                                                                                  ;
+--------------------------+--------------------------------------------------------------------------+---------------+--------------------------------+------------+
; Assignment Name          ; Value                                                                    ; Default Value ; Entity Name                    ; Section Id ;
+--------------------------+--------------------------------------------------------------------------+---------------+--------------------------------+------------+
; COMPILER_SIGNATURE_ID    ; 167381577308059.156563407620300                                          ; --            ; --                             ; --         ;
; HPS_ISW_FILE             ; soc_system/synthesis/submodules/sequencer/sequencer.pre.c                ; --            ; soc_system_hps_0_hps_io_border ; --         ;
; HPS_ISW_FILE             ; soc_system/synthesis/submodules/sequencer/sequencer_auto.pre.h           ; --            ; soc_system_hps_0_hps_io_border ; --         ;
; HPS_ISW_FILE             ; soc_system/synthesis/submodules/sequencer/tclrpt.pre.c                   ; --            ; soc_system_hps_0_hps_io_border ; --         ;
; HPS_ISW_FILE             ; soc_system/synthesis/submodules/sequencer/sequencer_auto_inst_init.pre.c ; --            ; soc_system_hps_0_hps_io_border ; --         ;
; HPS_ISW_FILE             ; soc_system/synthesis/submodules/sequencer/sequencer.pre.h                ; --            ; soc_system_hps_0_hps_io_border ; --         ;
; HPS_ISW_FILE             ; soc_system/synthesis/submodules/sequencer/alt_types.pre.h                ; --            ; soc_system_hps_0_hps_io_border ; --         ;
; HPS_ISW_FILE             ; soc_system/synthesis/submodules/sequencer/sequencer_defines.pre.h        ; --            ; soc_system_hps_0_hps_io_border ; --         ;
; HPS_ISW_FILE             ; soc_system/synthesis/submodules/sequencer/system.pre.h                   ; --            ; soc_system_hps_0_hps_io_border ; --         ;
; HPS_ISW_FILE             ; soc_system/synthesis/submodules/sequencer/sdram_io.pre.h                 ; --            ; soc_system_hps_0_hps_io_border ; --         ;
; HPS_ISW_FILE             ; soc_system/synthesis/submodules/sequencer/sequencer_auto_ac_init.pre.c   ; --            ; soc_system_hps_0_hps_io_border ; --         ;
; HPS_ISW_FILE             ; soc_system/synthesis/submodules/sequencer/tclrpt.pre.h                   ; --            ; soc_system_hps_0_hps_io_border ; --         ;
; HPS_ISW_FILE             ; soc_system/synthesis/submodules/sequencer/emif.pre.xml                   ; --            ; soc_system_hps_0_hps_io_border ; --         ;
; HPS_ISW_FILE             ; soc_system/synthesis/submodules/hps.pre.xml                              ; --            ; soc_system_hps_0_hps_io_border ; --         ;
; HPS_PARTITION            ; On                                                                       ; --            ; soc_system_hps_0_hps_io_border ; --         ;
; MISC_FILE                ; soc_system/synthesis/../soc_system.cmp                                   ; --            ; --                             ; --         ;
; MISC_FILE                ; soc_system/synthesis/soc_system_hps_0_hps.svd                            ; --            ; --                             ; --         ;
; MISC_FILE                ; soc_system/synthesis/../../soc_system.qsys                               ; --            ; --                             ; --         ;
; MISC_FILE                ; soc_system/synthesis/submodules/sequencer/sequencer.pre.c                ; --            ; --                             ; --         ;
; MISC_FILE                ; soc_system/synthesis/submodules/sequencer/sequencer_auto.pre.h           ; --            ; --                             ; --         ;
; MISC_FILE                ; soc_system/synthesis/submodules/sequencer/tclrpt.pre.c                   ; --            ; --                             ; --         ;
; MISC_FILE                ; soc_system/synthesis/submodules/sequencer/sequencer_auto_inst_init.pre.c ; --            ; --                             ; --         ;
; MISC_FILE                ; soc_system/synthesis/submodules/sequencer/sequencer.pre.h                ; --            ; --                             ; --         ;
; MISC_FILE                ; soc_system/synthesis/submodules/sequencer/alt_types.pre.h                ; --            ; --                             ; --         ;
; MISC_FILE                ; soc_system/synthesis/submodules/sequencer/sequencer_defines.pre.h        ; --            ; --                             ; --         ;
; MISC_FILE                ; soc_system/synthesis/submodules/sequencer/system.pre.h                   ; --            ; --                             ; --         ;
; MISC_FILE                ; soc_system/synthesis/submodules/sequencer/sdram_io.pre.h                 ; --            ; --                             ; --         ;
; MISC_FILE                ; soc_system/synthesis/submodules/sequencer/sequencer_auto_ac_init.pre.c   ; --            ; --                             ; --         ;
; MISC_FILE                ; soc_system/synthesis/submodules/sequencer/tclrpt.pre.h                   ; --            ; --                             ; --         ;
; MISC_FILE                ; soc_system/synthesis/submodules/sequencer/emif.pre.xml                   ; --            ; --                             ; --         ;
; MISC_FILE                ; soc_system/synthesis/submodules/hps.pre.xml                              ; --            ; --                             ; --         ;
; NUM_PARALLEL_PROCESSORS  ; 4                                                                        ; --            ; --                             ; --         ;
; PROJECT_OUTPUT_DIRECTORY ; output_files                                                             ; --            ; --                             ; --         ;
; SLD_FILE                 ; soc_system/synthesis/soc_system.regmap                                   ; --            ; --                             ; --         ;
; SLD_FILE                 ; soc_system/synthesis/soc_system.debuginfo                                ; --            ; --                             ; --         ;
; SLD_INFO                 ; QSYS_NAME soc_system HAS_SOPCINFO 1 GENERATION_ID 1565634025             ; --            ; --                             ; --         ;
; SOPCINFO_FILE            ; soc_system/synthesis/../../soc_system.sopcinfo                           ; --            ; --                             ; --         ;
; SYNTHESIS_ONLY_QIP       ; On                                                                       ; --            ; --                             ; --         ;
; TOP_LEVEL_ENTITY         ; soc_system_top                                                           ; soc_system    ; --                             ; --         ;
+--------------------------+--------------------------------------------------------------------------+---------------+--------------------------------+------------+


+--------------------------------------------------------------------------------------------------------------------------+
; Flow Elapsed Time                                                                                                        ;
+----------------------+--------------+-------------------------+---------------------+------------------------------------+
; Module Name          ; Elapsed Time ; Average Processors Used ; Peak Virtual Memory ; Total CPU Time (on all processors) ;
+----------------------+--------------+-------------------------+---------------------+------------------------------------+
; Analysis & Synthesis ; 00:00:57     ; 1.7                     ; 1364 MB             ; 00:01:40                           ;
; Fitter               ; 00:02:23     ; 1.2                     ; 3595 MB             ; 00:04:23                           ;
; Assembler            ; 00:00:11     ; 1.0                     ; 1076 MB             ; 00:00:11                           ;
; Total                ; 00:03:31     ; --                      ; --                  ; 00:06:14                           ;
+----------------------+--------------+-------------------------+---------------------+------------------------------------+


+----------------------------------------------------------------------------------+
; Flow OS Summary                                                                  ;
+----------------------+------------------+----------+------------+----------------+
; Module Name          ; Machine Hostname ; OS Name  ; OS Version ; Processor type ;
+----------------------+------------------+----------+------------+----------------+
; Analysis & Synthesis ; seikitan         ; KDE neon ; 5          ; x86_64         ;
; Fitter               ; seikitan         ; KDE neon ; 5          ; x86_64         ;
; Assembler            ; seikitan         ; KDE neon ; 5          ; x86_64         ;
+----------------------+------------------+----------+------------+----------------+


------------
; Flow Log ;
------------
quartus_map soc_system
quartus_fit soc_system
quartus_asm soc_system



